<?xml version="1.0" encoding="UTF-8"?>
<!-- Generated by org.testng.reporters.JUnitXMLReporter -->
<testsuite hostname="DESKTOP-LHE3BOF" ignored="0" name="Default test" tests="3" failures="0" timestamp="15 Jun 2020 17:48:21 GMT" time="33.358" errors="0">
  <testcase name="emicalculator" time="7.472" classname="com.testClasses.EMICalculatorSmokeTests"/>
  <testcase name="isCarLoanElementPresent" time="6.675" classname="com.testClasses.EMICalculatorSmokeTests"/>
  <testcase name="isTotalPaymentAmountVerify" time="9.444" classname="com.testClasses.EMICalculatorSmokeTests"/>
</testsuite> <!-- Default test -->
