<?xml version="1.0" encoding="UTF-8"?>
<!-- Generated by org.testng.reporters.JUnitXMLReporter -->
<testsuite hostname="DESKTOP-LHE3BOF" ignored="0" name="Default test" tests="4" failures="0" timestamp="15 Jun 2020 18:07:14 GMT" time="48.182" errors="0">
  <testcase name="emicalculator" time="9.234" classname="com.testClasses.EMICalculatorBaseTest"/>
  <testcase name="emicalculator" time="6.624" classname="com.testClasses.EMICalculatorSmokeTests"/>
  <testcase name="isCarLoanElementPresent" time="6.633" classname="com.testClasses.EMICalculatorSmokeTests"/>
  <testcase name="isTotalPaymentAmountVerify" time="8.154" classname="com.testClasses.EMICalculatorSmokeTests"/>
</testsuite> <!-- Default test -->
