<?xml version="1.0" encoding="UTF-8"?>
<!-- Generated by org.testng.reporters.JUnitXMLReporter -->
<testsuite hostname="DESKTOP-LHE3BOF" ignored="0" name="Test" tests="7" failures="0" timestamp="21 Jun 2020 09:17:54 GMT" time="73.473" errors="0">
  <testcase name="emicalculator" time="8.771" classname="com.testClasses.EMICalculatorBaseTest"/>
  <testcase name="verifyDataCredibility" time="7.83" classname="com.SmokeTestSuiteCLass.InvalidValueBehaviour"/>
  <testcase name="isCarLoanElementPresent" time="6.337" classname="com.SmokeTestSuiteCLass.IsCarLoanElementPresent"/>
  <testcase name="isShareButtonWorking" time="8.082" classname="com.SmokeTestSuiteCLass.IsShareButtonWorking"/>
  <testcase name="isTotalPaymentAmountVerify" time="7.71" classname="com.SmokeTestSuiteCLass.TotalPaymentAmountVerify"/>
  <testcase name="verifyMonthButton" time="10.011" classname="com.SmokeTestSuiteCLass.VerifyMonthButton"/>
  <testcase name="verifyPageTitle" time="6.169" classname="com.SmokeTestSuiteCLass.VerifyPageTitle"/>
</testsuite> <!-- Test -->
