<?xml version="1.0" encoding="UTF-8"?>
<!-- Generated by org.testng.reporters.JUnitXMLReporter -->
<testsuite hostname="DESKTOP-LHE3BOF" ignored="0" name="Test" tests="7" failures="0" timestamp="21 Jun 2020 09:02:20 GMT" time="74.382" errors="0">
  <testcase name="emicalculator" time="8.731" classname="com.testClasses.EMICalculatorBaseTest"/>
  <testcase name="verifyDataCredibility" time="7.982" classname="com.SmokeTestSuiteCLass.InvalidValueBehaviour"/>
  <testcase name="isCarLoanElementPresent" time="6.895" classname="com.SmokeTestSuiteCLass.IsCarLoanElementPresent"/>
  <testcase name="isShareButtonWorking" time="8.049" classname="com.SmokeTestSuiteCLass.IsShareButtonWorking"/>
  <testcase name="isTotalPaymentAmountVerify" time="7.651" classname="com.SmokeTestSuiteCLass.TotalPaymentAmountVerify"/>
  <testcase name="verifyMonthButton" time="9.957" classname="com.SmokeTestSuiteCLass.VerifyMonthButton"/>
  <testcase name="verifyPageTitle" time="6.271" classname="com.SmokeTestSuiteCLass.VerifyPageTitle"/>
</testsuite> <!-- Test -->
