<?xml version="1.0" encoding="UTF-8"?>
<!-- Generated by org.testng.reporters.JUnitXMLReporter -->
<testsuite hostname="DESKTOP-LHE3BOF" ignored="0" name="Test" tests="4" failures="0" timestamp="2020-06-16T15:35:14 IST" time="50.881" errors="0">
  <testcase name="isCarLoanElementPresent" time="7.57" classname="com.testClasses.EMICalculatorSmokeTests"/>
  <testcase name="isTotalPaymentAmountVerify" time="8.705" classname="com.testClasses.EMICalculatorSmokeTests"/>
  <testcase name="verifyPageTitle" time="6.807" classname="com.testClasses.EMICalculatorSmokeTests"/>
  <testcase name="emicalculator" time="9.334" classname="com.testClasses.EMICalculatorBaseTest"/>
</testsuite> <!-- Test -->
