<?xml version="1.0" encoding="UTF-8"?>
<!-- Generated by org.testng.reporters.JUnitXMLReporter -->
<testsuite hostname="DESKTOP-LHE3BOF" ignored="0" name="Test" tests="8" failures="3" timestamp="2020-07-04T23:16:33 IST" time="105.633" errors="0">
  <testcase name="emicalculator" time="9.247" classname="com.testClasses.EMICalculatorBaseTest"/>
  <testcase name="verifyDataCredibility" time="15.935" classname="com.SmokeTestSuiteCLass.InvalidValueBehaviour"/>
  <testcase name="verifyPageTitle" time="6.847" classname="com.InvalidSmokeSuiteTests.InvalidPageTitle">
    <failure type="java.lang.AssertionError" message="expected [EMI Calculator for Home Loan  &amp;amp; Personal Loan in India] but found [EMI Calculator for Home Loan, Car Loan &amp;amp; Personal Loan in India]">
      <![CDATA[java.lang.AssertionError: expected [EMI Calculator for Home Loan  & Personal Loan in India] but found [EMI Calculator for Home Loan, Car Loan & Personal Loan in India]
at com.utilities.ReportingFunctions.reportFail(ReportingFunctions.java:16)
at com.pageClasses.LandingPage.getTitle(LandingPage.java:82)
at com.InvalidSmokeSuiteTests.InvalidPageTitle.verifyPageTitle(InvalidPageTitle.java:32)
at java.util.ArrayList.forEach(Unknown Source)
... Removed 31 stack frames]]>
    </failure>
  </testcase> <!-- verifyPageTitle -->
  <testcase name="isCarLoanElementPresent" time="6.341" classname="com.SmokeTestSuiteCLass.IsCarLoanElementPresent"/>
  <testcase name="isCarLoanElementPresent" time="16.542" classname="com.InvalidSmokeSuiteTests.IsCarLoanFAQPagePresent">
    <failure type="java.lang.AssertionError" message="Car Loan FAQ element not present.">
      <![CDATA[java.lang.AssertionError: Car Loan FAQ element not present.
at com.utilities.ReportingFunctions.reportFail(ReportingFunctions.java:16)
at com.pageClasses.LandingPage.isCarLoanFAQPagePresent(LandingPage.java:181)
at com.InvalidSmokeSuiteTests.IsCarLoanFAQPagePresent.isCarLoanElementPresent(IsCarLoanFAQPagePresent.java:27)
at java.util.ArrayList.forEach(Unknown Source)
... Removed 31 stack frames]]>
    </failure>
  </testcase> <!-- isCarLoanElementPresent -->
  <testcase name="isShareButtonWorking" time="8.302" classname="com.SmokeTestSuiteCLass.IsShareButtonWorking"/>
  <testcase name="isTotalPaymentAmountVerify" time="8.052" classname="com.SmokeTestSuiteCLass.TotalPaymentAmountVerify">
    <failure type="java.lang.AssertionError" message="expected [1349876.0] but found [2726737.0]">
      <![CDATA[java.lang.AssertionError: expected [1349876.0] but found [2726737.0]
at com.utilities.ReportingFunctions.reportFail(ReportingFunctions.java:16)
at com.pageClasses.LandingPage.verifyTotalPaymentAmount(LandingPage.java:111)
at com.SmokeTestSuiteCLass.TotalPaymentAmountVerify.isTotalPaymentAmountVerify(TotalPaymentAmountVerify.java:36)
at java.util.ArrayList.forEach(Unknown Source)
... Removed 31 stack frames]]>
    </failure>
  </testcase> <!-- isTotalPaymentAmountVerify -->
  <testcase name="verifyPageTitle" time="7.043" classname="com.SmokeTestSuiteCLass.VerifyPageTitle"/>
</testsuite> <!-- Test -->
