<?xml version="1.0" encoding="UTF-8"?>
<testng-results skipped="0" failed="0" ignored="0" total="6" passed="6">
  <reporter-output>
  </reporter-output>
  <suite name="Suite" duration-ms="62112" started-at="2020-07-07T20:45:30 IST" finished-at="2020-07-07T20:46:32 IST">
    <groups>
    </groups>
    <test name="Test" duration-ms="62112" started-at="2020-07-07T20:45:30 IST" finished-at="2020-07-07T20:46:32 IST">
      <class name="com.SmokeTestSuiteCLass.VerifyPageTitle">
        <test-method status="PASS" signature="verifyPageTitle(java.util.Hashtable)[pri:0, instance:com.SmokeTestSuiteCLass.VerifyPageTitle@6b57696f]" name="verifyPageTitle" duration-ms="6318" started-at="2020-07-07T20:46:21 IST" description="checks the webpage title" data-provider="EMICalculatorTestSmokeSuiteDriverTitleData" finished-at="2020-07-07T20:46:28 IST">
          <params>
            <param index="0">
              <value>
                <![CDATA[{title=EMI Calculator for Home Loan, Car Loan & Personal Loan in India}]]>
              </value>
            </param>
          </params>
          <reporter-output>
          </reporter-output>
        </test-method> <!-- verifyPageTitle -->
        <test-method status="PASS" signature="flushReports()[pri:0, instance:com.SmokeTestSuiteCLass.VerifyPageTitle@6b57696f]" name="flushReports" is-config="true" duration-ms="4453" started-at="2020-07-07T20:46:28 IST" finished-at="2020-07-07T20:46:32 IST">
          <reporter-output>
          </reporter-output>
        </test-method> <!-- flushReports -->
      </class> <!-- com.SmokeTestSuiteCLass.VerifyPageTitle -->
      <class name="com.SmokeTestSuiteCLass.IsCarLoanElementPresent">
        <test-method status="PASS" signature="isCarLoanElementPresent()[pri:0, instance:com.SmokeTestSuiteCLass.IsCarLoanElementPresent@2c039ac6]" name="isCarLoanElementPresent" duration-ms="7069" started-at="2020-07-07T20:45:58 IST" description="verify that CarLoan element is present" finished-at="2020-07-07T20:46:05 IST">
          <reporter-output>
          </reporter-output>
        </test-method> <!-- isCarLoanElementPresent -->
        <test-method status="PASS" signature="flushReports()[pri:0, instance:com.SmokeTestSuiteCLass.IsCarLoanElementPresent@2c039ac6]" name="flushReports" is-config="true" duration-ms="94" started-at="2020-07-07T20:46:05 IST" finished-at="2020-07-07T20:46:05 IST">
          <reporter-output>
          </reporter-output>
        </test-method> <!-- flushReports -->
      </class> <!-- com.SmokeTestSuiteCLass.IsCarLoanElementPresent -->
      <class name="com.SmokeTestSuiteCLass.TotalPaymentAmountVerify">
        <test-method status="PASS" signature="isTotalPaymentAmountVerify(java.util.Hashtable)[pri:0, instance:com.SmokeTestSuiteCLass.TotalPaymentAmountVerify@58c1670b]" name="isTotalPaymentAmountVerify" duration-ms="7920" started-at="2020-07-07T20:46:13 IST" description="verify that total payment amount is correct" data-provider="EMICalculatorVerifyTotalPaymentAmountData" finished-at="2020-07-07T20:46:21 IST">
          <params>
            <param index="0">
              <value>
                <![CDATA[{LoanTenure=5.0, InterestRate=12.5, expectedTotalAmount=1349876.0, CarLoanAmount=1000000.0}]]>
              </value>
            </param>
          </params>
          <reporter-output>
          </reporter-output>
        </test-method> <!-- isTotalPaymentAmountVerify -->
        <test-method status="PASS" signature="flushReports()[pri:0, instance:com.SmokeTestSuiteCLass.TotalPaymentAmountVerify@58c1670b]" name="flushReports" is-config="true" duration-ms="182" started-at="2020-07-07T20:46:21 IST" finished-at="2020-07-07T20:46:21 IST">
          <reporter-output>
          </reporter-output>
        </test-method> <!-- flushReports -->
      </class> <!-- com.SmokeTestSuiteCLass.TotalPaymentAmountVerify -->
      <class name="com.testClasses.EMICalculatorBaseTest">
        <test-method status="PASS" signature="emicalculator(java.util.Hashtable)[pri:0, instance:com.testClasses.EMICalculatorBaseTest@3e57cd70]" name="emicalculator" duration-ms="9565" started-at="2020-07-07T20:45:30 IST" description="executes the complete test" data-provider="EMICalculatorTestData" finished-at="2020-07-07T20:45:40 IST">
          <params>
            <param index="0">
              <value>
                <![CDATA[{LoanTenure=1.0, InterestRate=9.5, CarLoanAmount=1500000.0}]]>
              </value>
            </param>
          </params>
          <reporter-output>
          </reporter-output>
        </test-method> <!-- emicalculator -->
        <test-method status="PASS" signature="flushReports()[pri:0, instance:com.testClasses.EMICalculatorBaseTest@3e57cd70]" name="flushReports" is-config="true" duration-ms="426" started-at="2020-07-07T20:45:40 IST" finished-at="2020-07-07T20:45:40 IST">
          <reporter-output>
          </reporter-output>
        </test-method> <!-- flushReports -->
      </class> <!-- com.testClasses.EMICalculatorBaseTest -->
      <class name="com.SmokeTestSuiteCLass.IsShareButtonWorking">
        <test-method status="PASS" signature="isShareButtonWorking(java.util.Hashtable)[pri:0, instance:com.SmokeTestSuiteCLass.IsShareButtonWorking@587d1d39]" name="isShareButtonWorking" duration-ms="8000" started-at="2020-07-07T20:46:05 IST" description="verify that share button is working properly" data-provider="EMICalculatorTestData" finished-at="2020-07-07T20:46:13 IST">
          <params>
            <param index="0">
              <value>
                <![CDATA[{LoanTenure=1.0, InterestRate=9.5, CarLoanAmount=1500000.0}]]>
              </value>
            </param>
          </params>
          <reporter-output>
          </reporter-output>
        </test-method> <!-- isShareButtonWorking -->
        <test-method status="PASS" signature="flushReports()[pri:0, instance:com.SmokeTestSuiteCLass.IsShareButtonWorking@587d1d39]" name="flushReports" is-config="true" duration-ms="99" started-at="2020-07-07T20:46:13 IST" finished-at="2020-07-07T20:46:13 IST">
          <reporter-output>
          </reporter-output>
        </test-method> <!-- flushReports -->
      </class> <!-- com.SmokeTestSuiteCLass.IsShareButtonWorking -->
      <class name="com.SmokeTestSuiteCLass.InvalidValueBehaviour">
        <test-method status="PASS" signature="verifyDataCredibility(java.util.Hashtable)[pri:0, instance:com.SmokeTestSuiteCLass.InvalidValueBehaviour@9a7504c]" name="verifyDataCredibility" duration-ms="12763" started-at="2020-07-07T20:45:40 IST" description="valid input test" data-provider="EMICalculatorVerifyIncorrectValuesBehaviour" finished-at="2020-07-07T20:45:53 IST">
          <params>
            <param index="0">
              <value>
                <![CDATA[{LoanTenure=qwerty, InterestRate=qwerty, CarLoanAmount=qwerty}]]>
              </value>
            </param>
          </params>
          <reporter-output>
          </reporter-output>
        </test-method> <!-- verifyDataCredibility -->
        <test-method status="PASS" signature="flushReports()[pri:0, instance:com.SmokeTestSuiteCLass.InvalidValueBehaviour@9a7504c]" name="flushReports" is-config="true" duration-ms="4556" started-at="2020-07-07T20:45:53 IST" finished-at="2020-07-07T20:45:58 IST">
          <reporter-output>
          </reporter-output>
        </test-method> <!-- flushReports -->
      </class> <!-- com.SmokeTestSuiteCLass.InvalidValueBehaviour -->
    </test> <!-- Test -->
  </suite> <!-- Suite -->
</testng-results>
