<?xml version="1.0" encoding="UTF-8"?>
<testsuite xmlns:xsi="http://www.w3.org/2001/XMLSchema-instance" xsi:schemaLocation="https://maven.apache.org/surefire/maven-surefire-plugin/xsd/surefire-test-report.xsd" name="TestSuite" time="63.411" tests="6" errors="0" skipped="0" failures="0">
  <properties>
[...]
</properties>
  <testcase name="emicalculator" classname="com.testClasses.EMICalculatorBaseTest" time="9.564"/>
  <testcase name="verifyDataCredibility" classname="com.SmokeTestSuiteCLass.InvalidValueBehaviour" time="12.763"/>
  <testcase name="isCarLoanElementPresent" classname="com.SmokeTestSuiteCLass.IsCarLoanElementPresent" time="7.068"/>
  <testcase name="isShareButtonWorking" classname="com.SmokeTestSuiteCLass.IsShareButtonWorking" time="8"/>
  <testcase name="isTotalPaymentAmountVerify" classname="com.SmokeTestSuiteCLass.TotalPaymentAmountVerify" time="7.921"/>
  <testcase name="verifyPageTitle" classname="com.SmokeTestSuiteCLass.VerifyPageTitle" time="6.318"/>
</testsuite>