-------------------------------------------------------------------------------
Test set: TestSuite
-------------------------------------------------------------------------------
Tests run: 6, Failures: 1, Errors: 0, Skipped: 0, Time elapsed: 78.673 s <<< FAILURE! - in TestSuite
isTotalPaymentAmountVerify(com.SmokeTestSuiteCLass.TotalPaymentAmountVerify)  Time elapsed: 8.484 s  <<< FAILURE!
java.lang.AssertionError: expected [1349876.0] but found [2726737.0]
	at com.SmokeTestSuiteCLass.TotalPaymentAmountVerify.isTotalPaymentAmountVerify(TotalPaymentAmountVerify.java:36)

