<?xml version="1.0" encoding="UTF-8"?>
<testng-results skipped="0" failed="0" ignored="0" total="1" passed="1">
  <reporter-output>
  </reporter-output>
  <suite name="Suite" duration-ms="13878" started-at="2020-06-14T11:32:24Z" finished-at="2020-06-14T11:32:38Z">
    <groups>
    </groups>
    <test name="Test" duration-ms="13878" started-at="2020-06-14T11:32:24Z" finished-at="2020-06-14T11:32:38Z">
      <class name="com.testClasses.EMICalculatorBaseTest">
        <test-method status="PASS" signature="emicalculator(java.util.Hashtable)[pri:0, instance:com.testClasses.EMICalculatorBaseTest@25bbf683]" name="emicalculator" duration-ms="9143" started-at="2020-06-14T11:32:25Z" description="executes the complete test" data-provider="EMICalculatorTestData" finished-at="2020-06-14T11:32:34Z">
          <params>
            <param index="0">
              <value>
                <![CDATA[{LoanTenure=1.0, InterestRate=9.5, WebPageURL=https://www.emicalculator.net, CarLoanAmount=1500000.0}]]>
              </value>
            </param>
          </params>
          <reporter-output>
          </reporter-output>
        </test-method> <!-- emicalculator -->
        <test-method status="PASS" signature="flushReports()[pri:0, instance:com.testClasses.EMICalculatorBaseTest@25bbf683]" name="flushReports" is-config="true" duration-ms="4397" started-at="2020-06-14T11:32:34Z" finished-at="2020-06-14T11:32:38Z">
          <reporter-output>
          </reporter-output>
        </test-method> <!-- flushReports -->
      </class> <!-- com.testClasses.EMICalculatorBaseTest -->
    </test> <!-- Test -->
  </suite> <!-- Suite -->
</testng-results>
